This is pdfTeX, Version 3.14159265-2.6-1.40.19 (TeX Live 2018) (preloaded format=pdflatex 2019.1.19)  8 FEB 2019 23:23
entering extended mode
 restricted \write18 enabled.
 file:line:error style messages enabled.
 %&-line parsing enabled.
**ErrorAnalysisExercise.tex
(./ErrorAnalysisExercise.tex
LaTeX2e <2018-12-01>
(/usr/local/texlive/2018/texmf-dist/tex/latex/base/article.cls
Document Class: article 2018/09/03 v1.4i Standard LaTeX document class
(/usr/local/texlive/2018/texmf-dist/tex/latex/base/size10.clo
File: size10.clo 2018/09/03 v1.4i Standard LaTeX file (size option)
)
\c@part=\count80
\c@section=\count81
\c@subsection=\count82
\c@subsubsection=\count83
\c@paragraph=\count84
\c@subparagraph=\count85
\c@figure=\count86
\c@table=\count87
\abovecaptionskip=\skip41
\belowcaptionskip=\skip42
\bibindent=\dimen102
)
(/usr/local/texlive/2018/texmf-dist/tex/latex/float/float.sty
Package: float 2001/11/08 v1.3d Float enhancements (AL)
\c@float@type=\count88
\float@exts=\toks14
\float@box=\box27
\@float@everytoks=\toks15
\@floatcapt=\box28
)
(/usr/local/texlive/2018/texmf-dist/tex/latex/graphics/graphicx.sty
Package: graphicx 2017/06/01 v1.1a Enhanced LaTeX Graphics (DPC,SPQR)

(/usr/local/texlive/2018/texmf-dist/tex/latex/graphics/keyval.sty
Package: keyval 2014/10/28 v1.15 key=value parser (DPC)
\KV@toks@=\toks16
)
(/usr/local/texlive/2018/texmf-dist/tex/latex/graphics/graphics.sty
Package: graphics 2017/06/25 v1.2c Standard LaTeX Graphics (DPC,SPQR)

(/usr/local/texlive/2018/texmf-dist/tex/latex/graphics/trig.sty
Package: trig 2016/01/03 v1.10 sin cos tan (DPC)
)
(/usr/local/texlive/2018/texmf-dist/tex/latex/graphics-cfg/graphics.cfg
File: graphics.cfg 2016/06/04 v1.11 sample graphics configuration
)
Package graphics Info: Driver file: pdftex.def on input line 99.

(/usr/local/texlive/2018/texmf-dist/tex/latex/graphics-def/pdftex.def
File: pdftex.def 2018/01/08 v1.0l Graphics/color driver for pdftex
))
\Gin@req@height=\dimen103
\Gin@req@width=\dimen104
)
(/usr/local/texlive/2018/texmf-dist/tex/latex/geometry/geometry.sty
Package: geometry 2018/04/16 v5.8 Page Geometry

(/usr/local/texlive/2018/texmf-dist/tex/generic/oberdiek/ifpdf.sty
Package: ifpdf 2018/09/07 v3.3 Provides the ifpdf switch
)
(/usr/local/texlive/2018/texmf-dist/tex/generic/oberdiek/ifvtex.sty
Package: ifvtex 2016/05/16 v1.6 Detect VTeX and its facilities (HO)
Package ifvtex Info: VTeX not detected.
)
(/usr/local/texlive/2018/texmf-dist/tex/generic/ifxetex/ifxetex.sty
Package: ifxetex 2010/09/12 v0.6 Provides ifxetex conditional
)
\Gm@cnth=\count89
\Gm@cntv=\count90
\c@Gm@tempcnt=\count91
\Gm@bindingoffset=\dimen105
\Gm@wd@mp=\dimen106
\Gm@odd@mp=\dimen107
\Gm@even@mp=\dimen108
\Gm@layoutwidth=\dimen109
\Gm@layoutheight=\dimen110
\Gm@layouthoffset=\dimen111
\Gm@layoutvoffset=\dimen112
\Gm@dimlist=\toks17
)
(/usr/local/texlive/2018/texmf-dist/tex/latex/amsmath/amsmath.sty
Package: amsmath 2018/12/01 v2.17b AMS math features
\@mathmargin=\skip43

For additional information on amsmath, use the `?' option.
(/usr/local/texlive/2018/texmf-dist/tex/latex/amsmath/amstext.sty
Package: amstext 2000/06/29 v2.01 AMS text

(/usr/local/texlive/2018/texmf-dist/tex/latex/amsmath/amsgen.sty
File: amsgen.sty 1999/11/30 v2.0 generic functions
\@emptytoks=\toks18
\ex@=\dimen113
))
(/usr/local/texlive/2018/texmf-dist/tex/latex/amsmath/amsbsy.sty
Package: amsbsy 1999/11/29 v1.2d Bold Symbols
\pmbraise@=\dimen114
)
(/usr/local/texlive/2018/texmf-dist/tex/latex/amsmath/amsopn.sty
Package: amsopn 2016/03/08 v2.02 operator names
)
\inf@bad=\count92
LaTeX Info: Redefining \frac on input line 223.
\uproot@=\count93
\leftroot@=\count94
LaTeX Info: Redefining \overline on input line 385.
\classnum@=\count95
\DOTSCASE@=\count96
LaTeX Info: Redefining \ldots on input line 482.
LaTeX Info: Redefining \dots on input line 485.
LaTeX Info: Redefining \cdots on input line 606.
\Mathstrutbox@=\box29
\strutbox@=\box30
\big@size=\dimen115
LaTeX Font Info:    Redeclaring font encoding OML on input line 729.
LaTeX Font Info:    Redeclaring font encoding OMS on input line 730.
\macc@depth=\count97
\c@MaxMatrixCols=\count98
\dotsspace@=\muskip10
\c@parentequation=\count99
\dspbrk@lvl=\count100
\tag@help=\toks19
\row@=\count101
\column@=\count102
\maxfields@=\count103
\andhelp@=\toks20
\eqnshift@=\dimen116
\alignsep@=\dimen117
\tagshift@=\dimen118
\tagwidth@=\dimen119
\totwidth@=\dimen120
\lineht@=\dimen121
\@envbody=\toks21
\multlinegap=\skip44
\multlinetaggap=\skip45
\mathdisplay@stack=\toks22
LaTeX Info: Redefining \[ on input line 2844.
LaTeX Info: Redefining \] on input line 2845.
)
(./ErrorAnalysisExercise.aux

LaTeX Warning: Label `fig:boat1' multiply defined.


LaTeX Warning: Label `fig:boat1' multiply defined.


LaTeX Warning: Label `fig:boat1' multiply defined.


LaTeX Warning: Label `fig:boat1' multiply defined.


LaTeX Warning: Label `fig:boat1' multiply defined.


LaTeX Warning: Label `fig:boat1' multiply defined.


LaTeX Warning: Label `fig:boat1' multiply defined.


LaTeX Warning: Label `fig:boat2' multiply defined.


LaTeX Warning: Label `fig:boat2' multiply defined.


LaTeX Warning: Label `fig:boat2' multiply defined.


LaTeX Warning: Label `fig:boat2' multiply defined.


LaTeX Warning: Label `fig:boat2' multiply defined.


LaTeX Warning: Label `fig:boat2' multiply defined.

)
\openout1 = `ErrorAnalysisExercise.aux'.

LaTeX Font Info:    Checking defaults for OML/cmm/m/it on input line 8.
LaTeX Font Info:    ... okay on input line 8.
LaTeX Font Info:    Checking defaults for T1/cmr/m/n on input line 8.
LaTeX Font Info:    ... okay on input line 8.
LaTeX Font Info:    Checking defaults for OT1/cmr/m/n on input line 8.
LaTeX Font Info:    ... okay on input line 8.
LaTeX Font Info:    Checking defaults for OMS/cmsy/m/n on input line 8.
LaTeX Font Info:    ... okay on input line 8.
LaTeX Font Info:    Checking defaults for OMX/cmex/m/n on input line 8.
LaTeX Font Info:    ... okay on input line 8.
LaTeX Font Info:    Checking defaults for U/cmr/m/n on input line 8.
LaTeX Font Info:    ... okay on input line 8.
 (/usr/local/texlive/2018/texmf-dist/tex/context/base/mkii/supp-pdf.mkii
[Loading MPS to PDF converter (version 2006.09.02).]
\scratchcounter=\count104
\scratchdimen=\dimen122
\scratchbox=\box31
\nofMPsegments=\count105
\nofMParguments=\count106
\everyMPshowfont=\toks23
\MPscratchCnt=\count107
\MPscratchDim=\dimen123
\MPnumerator=\count108
\makeMPintoPDFobject=\count109
\everyMPtoPDFconversion=\toks24
) (/usr/local/texlive/2018/texmf-dist/tex/latex/oberdiek/epstopdf-base.sty
Package: epstopdf-base 2016/05/15 v2.6 Base part for package epstopdf

(/usr/local/texlive/2018/texmf-dist/tex/generic/oberdiek/infwarerr.sty
Package: infwarerr 2016/05/16 v1.4 Providing info/warning/error messages (HO)
)
(/usr/local/texlive/2018/texmf-dist/tex/latex/oberdiek/grfext.sty
Package: grfext 2016/05/16 v1.2 Manage graphics extensions (HO)

(/usr/local/texlive/2018/texmf-dist/tex/generic/oberdiek/kvdefinekeys.sty
Package: kvdefinekeys 2016/05/16 v1.4 Define keys (HO)

(/usr/local/texlive/2018/texmf-dist/tex/generic/oberdiek/ltxcmds.sty
Package: ltxcmds 2016/05/16 v1.23 LaTeX kernel commands for general use (HO)
)))
(/usr/local/texlive/2018/texmf-dist/tex/latex/oberdiek/kvoptions.sty
Package: kvoptions 2016/05/16 v3.12 Key value format for package options (HO)

(/usr/local/texlive/2018/texmf-dist/tex/generic/oberdiek/kvsetkeys.sty
Package: kvsetkeys 2016/05/16 v1.17 Key value parser (HO)

(/usr/local/texlive/2018/texmf-dist/tex/generic/oberdiek/etexcmds.sty
Package: etexcmds 2016/05/16 v1.6 Avoid name clashes with e-TeX commands (HO)

(/usr/local/texlive/2018/texmf-dist/tex/generic/oberdiek/ifluatex.sty
Package: ifluatex 2016/05/16 v1.4 Provides the ifluatex switch (HO)
Package ifluatex Info: LuaTeX not detected.
)
Package etexcmds Info: Could not find \expanded.
(etexcmds)             That can mean that you are not using pdfTeX 1.50 or
(etexcmds)             that some package has redefined \expanded.
(etexcmds)             In the latter case, load this package earlier.
)))
(/usr/local/texlive/2018/texmf-dist/tex/generic/oberdiek/pdftexcmds.sty
Package: pdftexcmds 2018/09/10 v0.29 Utility functions of pdfTeX for LuaTeX (HO
)
Package pdftexcmds Info: LuaTeX not detected.
Package pdftexcmds Info: \pdf@primitive is available.
Package pdftexcmds Info: \pdf@ifprimitive is available.
Package pdftexcmds Info: \pdfdraftmode found.
)
Package epstopdf-base Info: Redefining graphics rule for `.eps' on input line 4
38.
Package grfext Info: Graphics extension search list:
(grfext)             [.pdf,.png,.jpg,.mps,.jpeg,.jbig2,.jb2,.PDF,.PNG,.JPG,.JPE
G,.JBIG2,.JB2,.eps]
(grfext)             \AppendGraphicsExtensions on input line 456.

(/usr/local/texlive/2018/texmf-dist/tex/latex/latexconfig/epstopdf-sys.cfg
File: epstopdf-sys.cfg 2010/07/13 v1.3 Configuration of (r)epstopdf for TeX Liv
e
))
*geometry* driver: auto-detecting
*geometry* detected driver: pdftex
*geometry* verbose mode - [ preamble ] result:
* driver: pdftex
* paper: <default>
* layout: <same size as paper>
* layoutoffset:(h,v)=(0.0pt,0.0pt)
* modes: 
* h-part:(L,W,R)=(72.26999pt, 469.75502pt, 72.26999pt)
* v-part:(T,H,B)=(72.26999pt, 627.30263pt, 95.39737pt)
* \paperwidth=614.295pt
* \paperheight=794.96999pt
* \textwidth=469.75502pt
* \textheight=627.30263pt
* \oddsidemargin=0.0pt
* \evensidemargin=0.0pt
* \topmargin=-37.0pt
* \headheight=12.0pt
* \headsep=25.0pt
* \topskip=10.0pt
* \footskip=30.0pt
* \marginparwidth=65.0pt
* \marginparsep=11.0pt
* \columnsep=10.0pt
* \skip\footins=9.0pt plus 4.0pt minus 2.0pt
* \hoffset=0.0pt
* \voffset=0.0pt
* \mag=1000
* \@twocolumnfalse
* \@twosidefalse
* \@mparswitchfalse
* \@reversemarginfalse
* (1in=72.27pt=25.4mm, 1cm=28.453pt)

[1

{/usr/local/texlive/2018/texmf-var/fonts/map/pdftex/updmap/pdftex.map}]
Underfull \hbox (badness 10000) in paragraph at lines 46--47

 []

<lateximages/eleven.png, id=18, 157.58875pt x 202.7575pt>
File: lateximages/eleven.png Graphic file (type png)
<use lateximages/eleven.png>
Package pdftex.def Info: lateximages/eleven.png  used on input line 53.
(pdftex.def)             Requested size: 187.89914pt x 241.77014pt.

Underfull \hbox (badness 10000) in paragraph at lines 58--59

 []

<lateximages/Prob3_3.png, id=20, 1391.1975pt x 1347.0325pt>
File: lateximages/Prob3_3.png Graphic file (type png)
<use lateximages/Prob3_3.png>
Package pdftex.def Info: lateximages/Prob3_3.png  used on input line 64.
(pdftex.def)             Requested size: 375.80544pt x 363.86807pt.
[2 <./lateximages/eleven.png>]
Underfull \hbox (badness 10000) in paragraph at lines 69--70

 []

[3 <./lateximages/Prob3_3.png (PNG copy)>]
<lateximages/Prob3_4_20.png, id=29, 1391.1975pt x 1347.0325pt>
File: lateximages/Prob3_4_20.png Graphic file (type png)
<use lateximages/Prob3_4_20.png>
Package pdftex.def Info: lateximages/Prob3_4_20.png  used on input line 91.
(pdftex.def)             Requested size: 375.80544pt x 363.86807pt.

Underfull \hbox (badness 10000) in paragraph at lines 96--97

 []

[4 <./lateximages/Prob3_4_20.png (PNG copy)>]
<lateximages/Prob3_4_40.png, id=33, 1391.1975pt x 1347.0325pt>
File: lateximages/Prob3_4_40.png Graphic file (type png)
<use lateximages/Prob3_4_40.png>
Package pdftex.def Info: lateximages/Prob3_4_40.png  used on input line 116.
(pdftex.def)             Requested size: 375.80544pt x 363.86807pt.

Underfull \hbox (badness 10000) in paragraph at lines 121--122

 []

[5 <./lateximages/Prob3_4_40.png (PNG copy)>]
<lateximages/Prob3_4_80.png, id=37, 1391.1975pt x 1347.0325pt>
File: lateximages/Prob3_4_80.png Graphic file (type png)
<use lateximages/Prob3_4_80.png>
Package pdftex.def Info: lateximages/Prob3_4_80.png  used on input line 141.
(pdftex.def)             Requested size: 375.80544pt x 363.86807pt.

Underfull \hbox (badness 10000) in paragraph at lines 146--147

 []

[6 <./lateximages/Prob3_4_80.png (PNG copy)>]
<lateximages/Prob3_4_800.png, id=41, 1391.1975pt x 1347.0325pt>
File: lateximages/Prob3_4_800.png Graphic file (type png)
<use lateximages/Prob3_4_800.png>
Package pdftex.def Info: lateximages/Prob3_4_800.png  used on input line 167.
(pdftex.def)             Requested size: 375.80544pt x 363.86807pt.
 [7 <./lateximages/Prob3_4_800.png (PNG copy)>]
Underfull \hbox (badness 10000) in paragraph at lines 185--186

 []


Underfull \hbox (badness 10000) in paragraph at lines 188--189

 []

<lateximages/Prob4_3.png, id=46, 1391.1975pt x 1347.0325pt>
File: lateximages/Prob4_3.png Graphic file (type png)
<use lateximages/Prob4_3.png>
Package pdftex.def Info: lateximages/Prob4_3.png  used on input line 194.
(pdftex.def)             Requested size: 375.80544pt x 363.86807pt.
[8]
Underfull \hbox (badness 10000) in paragraph at lines 199--200

 []

<lateximages/Prob4_4_3000.png, id=50, 1391.1975pt x 1347.0325pt>
File: lateximages/Prob4_4_3000.png Graphic file (type png)
<use lateximages/Prob4_4_3000.png>
Package pdftex.def Info: lateximages/Prob4_4_3000.png  used on input line 220.
(pdftex.def)             Requested size: 375.80544pt x 363.86807pt.
[9 <./lateximages/Prob4_3.png (PNG copy)>]
Underfull \hbox (badness 10000) in paragraph at lines 225--226

 []

[10 <./lateximages/Prob4_4_3000.png (PNG copy)>]
<lateximages/Prob4_4_60000.png, id=57, 1391.1975pt x 1347.0325pt>
File: lateximages/Prob4_4_60000.png Graphic file (type png)
<use lateximages/Prob4_4_60000.png>
Package pdftex.def Info: lateximages/Prob4_4_60000.png  used on input line 246.

(pdftex.def)             Requested size: 375.80544pt x 363.86807pt.
<lateximages/Prob5_1.png, id=58, 1391.1975pt x 1347.0325pt>
File: lateximages/Prob5_1.png Graphic file (type png)
<use lateximages/Prob5_1.png>
Package pdftex.def Info: lateximages/Prob5_1.png  used on input line 257.
(pdftex.def)             Requested size: 375.80544pt x 363.86807pt.
 [11 <./lateximages/Prob4_4_60000.png (PNG copy)>]
Underfull \hbox (badness 10000) in paragraph at lines 263--266

 []

<lateximages/Prob5_3.png, id=62, 396.0396pt x 361.35pt>
File: lateximages/Prob5_3.png Graphic file (type png)
<use lateximages/Prob5_3.png>
Package pdftex.def Info: lateximages/Prob5_3.png  used on input line 269.
(pdftex.def)             Requested size: 375.80544pt x 342.88908pt.
[12 <./lateximages/Prob5_1.png (PNG copy)>]
Underfull \hbox (badness 10000) in paragraph at lines 274--275

 []

<lateximages/Prob5_4.png, id=66, 340.27126pt x 353.32pt>
File: lateximages/Prob5_4.png Graphic file (type png)
<use lateximages/Prob5_4.png>
Package pdftex.def Info: lateximages/Prob5_4.png  used on input line 280.
(pdftex.def)             Requested size: 234.8775pt x 243.8827pt.
[13 <./lateximages/Prob5_3.png>]
<lateximages/Prob6_1.png, id=72, 1391.1975pt x 1347.0325pt>
File: lateximages/Prob6_1.png Graphic file (type png)
<use lateximages/Prob6_1.png>
Package pdftex.def Info: lateximages/Prob6_1.png  used on input line 298.
(pdftex.def)             Requested size: 375.80544pt x 363.86807pt.
 [14 <./lateximages/Prob5_4.png>]
Underfull \hbox (badness 10000) in paragraph at lines 309--310

 []

[15 <./lateximages/Prob6_1.png (PNG copy)>]
<lateximages/Prob6_4.png, id=80, 1391.1975pt x 1347.0325pt>
File: lateximages/Prob6_4.png Graphic file (type png)
<use lateximages/Prob6_4.png>
Package pdftex.def Info: lateximages/Prob6_4.png  used on input line 333.
(pdftex.def)             Requested size: 375.80544pt x 363.86807pt.
 [16]
<lateximages/Prob7_1.png, id=84, 1391.1975pt x 1347.0325pt>
File: lateximages/Prob7_1.png Graphic file (type png)
<use lateximages/Prob7_1.png>
Package pdftex.def Info: lateximages/Prob7_1.png  used on input line 350.
(pdftex.def)             Requested size: 375.80544pt x 363.86807pt.
 [17 <./lateximages/Prob6_4.png (PNG copy)>] [18 <./lateximages/Prob7_1.png (PN
G copy)>]
(./ErrorAnalysisExercise.aux)

LaTeX Warning: There were multiply-defined labels.

 ) 
Here is how much of TeX's memory you used:
 2674 strings out of 492616
 37873 string characters out of 6128982
 116888 words of memory out of 5000000
 6546 multiletter control sequences out of 15000+600000
 8716 words of font info for 32 fonts, out of 8000000 for 9000
 1141 hyphenation exceptions out of 8191
 41i,6n,25p,723b,219s stack positions out of 5000i,500n,10000p,200000b,80000s
</usr/local/texlive/2018/texmf-dist/fonts/type1/public/amsfonts/cm/cmbx10.pfb
></usr/local/texlive/2018/texmf-dist/fonts/type1/public/amsfonts/cm/cmbx12.pfb>
</usr/local/texlive/2018/texmf-dist/fonts/type1/public/amsfonts/cm/cmex10.pfb><
/usr/local/texlive/2018/texmf-dist/fonts/type1/public/amsfonts/cm/cmmi10.pfb></
usr/local/texlive/2018/texmf-dist/fonts/type1/public/amsfonts/cm/cmmi5.pfb></us
r/local/texlive/2018/texmf-dist/fonts/type1/public/amsfonts/cm/cmmi7.pfb></usr/
local/texlive/2018/texmf-dist/fonts/type1/public/amsfonts/cm/cmr10.pfb></usr/lo
cal/texlive/2018/texmf-dist/fonts/type1/public/amsfonts/cm/cmr12.pfb></usr/loca
l/texlive/2018/texmf-dist/fonts/type1/public/amsfonts/cm/cmr17.pfb></usr/local/
texlive/2018/texmf-dist/fonts/type1/public/amsfonts/cm/cmr5.pfb></usr/local/tex
live/2018/texmf-dist/fonts/type1/public/amsfonts/cm/cmr7.pfb></usr/local/texliv
e/2018/texmf-dist/fonts/type1/public/amsfonts/cm/cmsy10.pfb></usr/local/texlive
/2018/texmf-dist/fonts/type1/public/amsfonts/cm/cmsy7.pfb>
Output written on ErrorAnalysisExercise.pdf (18 pages, 680477 bytes).
PDF statistics:
 133 PDF objects out of 1000 (max. 8388607)
 81 compressed objects within 1 object stream
 0 named destinations out of 1000 (max. 500000)
 76 words of extra memory for PDF output out of 10000 (max. 10000000)

